# JRE version: OpenJDK Runtime Environment Temurin-21.0.6+7 (21.0.6+7) (build 21.0.6+7-LTS)
# Java VM: OpenJDK 64-Bit Server VM Temurin-21.0.6+7 (21.0.6+7-LTS, mixed mode, sharing, tiered, compressed oops, compressed class ptrs, parallel gc, windows-amd64)
GC Precious Log:
 CardTable entry size: 512
 CPUs: 8 total, 8 available
 Memory: 16242M
 Large Page Support: Disabled
 NUMA Support: Disabled
 Compressed Oops: Enabled (32-bit)
 Alignments: Space 512K, Generation 512K, Heap 2M
 Heap Min Capacity: 100M
 Heap Initial Capacity: 100M
 Heap Max Capacity: 1G
 Pre-touch: Disabled
 Parallel Workers: 8
Heap:
 PSYoungGen      total 7168K, used 6839K [0x00000000eab00000, 0x00000000eb880000, 0x0000000100000000)
  eden space 6656K, 95% used [0x00000000eab00000,0x00000000eb12e300,0x00000000eb180000)
  from space 512K, 99% used [0x00000000eb800000,0x00000000eb87fc48,0x00000000eb880000)
  to   space 1024K, 0% used [0x00000000eb680000,0x00000000eb680000,0x00000000eb780000)
 ParOldGen       total 470528K, used 470154K [0x00000000c0000000, 0x00000000dcb80000, 0x00000000eab00000)
  object space 470528K, 99% used [0x00000000c0000000,0x00000000dcb22850,0x00000000dcb80000)
 Metaspace       used 86765K, committed 88448K, reserved 1179648K
  class space    used 9052K, committed 9792K, reserved 1048576K
GC Heap History (20 events):
Event: 527.520 GC heap before
{Heap before GC invocations=1537 (full 4):
 PSYoungGen      total 8704K, used 8600K [0x00000000eab00000, 0x00000000eb580000, 0x0000000100000000)
  eden space 7680K, 100% used [0x00000000eab00000,0x00000000eb280000,0x00000000eb280000)
  from space 1024K, 89% used [0x00000000eb480000,0x00000000eb5660f8,0x00000000eb580000)
  to   space 1536K, 0% used [0x00000000eb280000,0x00000000eb280000,0x00000000eb400000)
 ParOldGen       total 461824K, used 461336K [0x00000000c0000000, 0x00000000dc300000, 0x00000000eab00000)
  object space 461824K, 99% used [0x00000000c0000000,0x00000000dc2863f8,0x00000000dc300000)
 Metaspace       used 85080K, committed 86784K, reserved 1179648K
  class space    used 8874K, committed 9664K, reserved 1048576K
}
Event: 527.522 GC heap after
{Heap after GC invocations=1537 (full 4):
 PSYoungGen      total 9216K, used 832K [0x00000000eab00000, 0x00000000eb500000, 0x0000000100000000)
  eden space 7680K, 0% used [0x00000000eab00000,0x00000000eab00000,0x00000000eb280000)
  from space 1536K, 54% used [0x00000000eb280000,0x00000000eb350000,0x00000000eb400000)
  to   space 1024K, 0% used [0x00000000eb400000,0x00000000eb400000,0x00000000eb500000)
 ParOldGen       total 462336K, used 461969K [0x00000000c0000000, 0x00000000dc380000, 0x00000000eab00000)
  object space 462336K, 99% used [0x00000000c0000000,0x00000000dc324408,0x00000000dc380000)
 Metaspace       used 85080K, committed 86784K, reserved 1179648K
  class space    used 8874K, committed 9664K, reserved 1048576K
}
Event: 527.590 GC heap before
{Heap before GC invocations=1538 (full 4):
 PSYoungGen      total 9216K, used 8512K [0x00000000eab00000, 0x00000000eb500000, 0x0000000100000000)
  eden space 7680K, 100% used [0x00000000eab00000,0x00000000eb280000,0x00000000eb280000)
  from space 1536K, 54% used [0x00000000eb280000,0x00000000eb350000,0x00000000eb400000)
  to   space 1024K, 0% used [0x00000000eb400000,0x00000000eb400000,0x00000000eb500000)
 ParOldGen       total 462336K, used 461969K [0x00000000c0000000, 0x00000000dc380000, 0x00000000eab00000)
  object space 462336K, 99% used [0x00000000c0000000,0x00000000dc324408,0x00000000dc380000)
 Metaspace       used 85313K, committed 86976K, reserved 1179648K
  class space    used 8888K, committed 9664K, reserved 1048576K
}
Event: 527.594 GC heap after
{Heap after GC invocations=1538 (full 4):
 PSYoungGen      total 7680K, used 1024K [0x00000000eab00000, 0x00000000eb780000, 0x0000000100000000)
  eden space 6656K, 0% used [0x00000000eab00000,0x00000000eab00000,0x00000000eb180000)
  from space 1024K, 100% used [0x00000000eb400000,0x00000000eb500000,0x00000000eb500000)
  to   space 2560K, 0% used [0x00000000eb180000,0x00000000eb180000,0x00000000eb400000)
 ParOldGen       total 463360K, used 463245K [0x00000000c0000000, 0x00000000dc480000, 0x00000000eab00000)
  object space 463360K, 99% used [0x00000000c0000000,0x00000000dc4636a8,0x00000000dc480000)
 Metaspace       used 85313K, committed 86976K, reserved 1179648K
  class space    used 8888K, committed 9664K, reserved 1048576K
}
Event: 528.739 GC heap before
{Heap before GC invocations=1539 (full 4):
 PSYoungGen      total 7680K, used 7680K [0x00000000eab00000, 0x00000000eb780000, 0x0000000100000000)
  eden space 6656K, 100% used [0x00000000eab00000,0x00000000eb180000,0x00000000eb180000)
  from space 1024K, 100% used [0x00000000eb400000,0x00000000eb500000,0x00000000eb500000)
  to   space 2560K, 0% used [0x00000000eb180000,0x00000000eb180000,0x00000000eb400000)
 ParOldGen       total 463360K, used 463245K [0x00000000c0000000, 0x00000000dc480000, 0x00000000eab00000)
  object space 463360K, 99% used [0x00000000c0000000,0x00000000dc4636a8,0x00000000dc480000)
 Metaspace       used 85346K, committed 87040K, reserved 1179648K
  class space    used 8888K, committed 9664K, reserved 1048576K
}
Event: 528.745 GC heap after
{Heap after GC invocations=1539 (full 4):
 PSYoungGen      total 8704K, used 1542K [0x00000000eab00000, 0x00000000eb580000, 0x0000000100000000)
  eden space 6656K, 0% used [0x00000000eab00000,0x00000000eab00000,0x00000000eb180000)
  from space 2048K, 75% used [0x00000000eb180000,0x00000000eb301990,0x00000000eb380000)
  to   space 2048K, 0% used [0x00000000eb380000,0x00000000eb380000,0x00000000eb580000)
 ParOldGen       total 464384K, used 464288K [0x00000000c0000000, 0x00000000dc580000, 0x00000000eab00000)
  object space 464384K, 99% used [0x00000000c0000000,0x00000000dc5682b0,0x00000000dc580000)
 Metaspace       used 85346K, committed 87040K, reserved 1179648K
  class space    used 8888K, committed 9664K, reserved 1048576K
}
Event: 528.785 GC heap before
{Heap before GC invocations=1540 (full 4):
 PSYoungGen      total 8704K, used 7983K [0x00000000eab00000, 0x00000000eb580000, 0x0000000100000000)
  eden space 6656K, 96% used [0x00000000eab00000,0x00000000eb14a568,0x00000000eb180000)
  from space 2048K, 75% used [0x00000000eb180000,0x00000000eb301990,0x00000000eb380000)
  to   space 2048K, 0% used [0x00000000eb380000,0x00000000eb380000,0x00000000eb580000)
 ParOldGen       total 464384K, used 464288K [0x00000000c0000000, 0x00000000dc580000, 0x00000000eab00000)
  object space 464384K, 99% used [0x00000000c0000000,0x00000000dc5682b0,0x00000000dc580000)
 Metaspace       used 85355K, committed 87040K, reserved 1179648K
  class space    used 8888K, committed 9664K, reserved 1048576K
}
Event: 528.786 GC heap after
{Heap after GC invocations=1540 (full 4):
 PSYoungGen      total 7680K, used 802K [0x00000000eab00000, 0x00000000eb480000, 0x0000000100000000)
  eden space 6656K, 0% used [0x00000000eab00000,0x00000000eab00000,0x00000000eb180000)
  from space 1024K, 78% used [0x00000000eb380000,0x00000000eb448860,0x00000000eb480000)
  to   space 1536K, 0% used [0x00000000eb180000,0x00000000eb180000,0x00000000eb300000)
 ParOldGen       total 464896K, used 464681K [0x00000000c0000000, 0x00000000dc600000, 0x00000000eab00000)
  object space 464896K, 99% used [0x00000000c0000000,0x00000000dc5ca560,0x00000000dc600000)
 Metaspace       used 85355K, committed 87040K, reserved 1179648K
  class space    used 8888K, committed 9664K, reserved 1048576K
}
Event: 528.810 GC heap before
{Heap before GC invocations=1541 (full 4):
 PSYoungGen      total 7680K, used 7458K [0x00000000eab00000, 0x00000000eb480000, 0x0000000100000000)
  eden space 6656K, 100% used [0x00000000eab00000,0x00000000eb180000,0x00000000eb180000)
  from space 1024K, 78% used [0x00000000eb380000,0x00000000eb448860,0x00000000eb480000)
  to   space 1536K, 0% used [0x00000000eb180000,0x00000000eb180000,0x00000000eb300000)
 ParOldGen       total 464896K, used 464681K [0x00000000c0000000, 0x00000000dc600000, 0x00000000eab00000)
  object space 464896K, 99% used [0x00000000c0000000,0x00000000dc5ca560,0x00000000dc600000)
 Metaspace       used 85367K, committed 87040K, reserved 1179648K
  class space    used 8888K, committed 9664K, reserved 1048576K
}
Event: 528.813 GC heap after
{Heap after GC invocations=1541 (full 4):
 PSYoungGen      total 8192K, used 1520K [0x00000000eab00000, 0x00000000ebf80000, 0x0000000100000000)
  eden space 6656K, 0% used [0x00000000eab00000,0x00000000eab00000,0x00000000eb180000)
  from space 1536K, 99% used [0x00000000eb180000,0x00000000eb2fc3f8,0x00000000eb300000)
  to   space 7168K, 0% used [0x00000000eb880000,0x00000000eb880000,0x00000000ebf80000)
 ParOldGen       total 469504K, used 469203K [0x00000000c0000000, 0x00000000dca80000, 0x00000000eab00000)
  object space 469504K, 99% used [0x00000000c0000000,0x00000000dca34fe8,0x00000000dca80000)
 Metaspace       used 85367K, committed 87040K, reserved 1179648K
  class space    used 8888K, committed 9664K, reserved 1048576K
}
Event: 528.861 GC heap before
{Heap before GC invocations=1542 (full 4):
 PSYoungGen      total 8192K, used 8176K [0x00000000eab00000, 0x00000000ebf80000, 0x0000000100000000)
  eden space 6656K, 100% used [0x00000000eab00000,0x00000000eb180000,0x00000000eb180000)
  from space 1536K, 99% used [0x00000000eb180000,0x00000000eb2fc3f8,0x00000000eb300000)
  to   space 7168K, 0% used [0x00000000eb880000,0x00000000eb880000,0x00000000ebf80000)
 ParOldGen       total 469504K, used 469203K [0x00000000c0000000, 0x00000000dca80000, 0x00000000eab00000)
  object space 469504K, 99% used [0x00000000c0000000,0x00000000dca34fe8,0x00000000dca80000)
 Metaspace       used 85667K, committed 87360K, reserved 1179648K
  class space    used 8904K, committed 9664K, reserved 1048576K
}
Event: 528.863 GC heap after
{Heap after GC invocations=1542 (full 4):
 PSYoungGen      total 8192K, used 1172K [0x00000000eab00000, 0x00000000eba00000, 0x0000000100000000)
  eden space 6656K, 0% used [0x00000000eab00000,0x00000000eab00000,0x00000000eb180000)
  from space 1536K, 76% used [0x00000000eb880000,0x00000000eb9a5200,0x00000000eba00000)
  to   space 3072K, 0% used [0x00000000eb400000,0x00000000eb400000,0x00000000eb700000)
 ParOldGen       total 469504K, used 469307K [0x00000000c0000000, 0x00000000dca80000, 0x00000000eab00000)
  object space 469504K, 99% used [0x00000000c0000000,0x00000000dca4efe8,0x00000000dca80000)
 Metaspace       used 85667K, committed 87360K, reserved 1179648K
  class space    used 8904K, committed 9664K, reserved 1048576K
}
Event: 528.881 GC heap before
{Heap before GC invocations=1543 (full 4):
 PSYoungGen      total 8192K, used 7828K [0x00000000eab00000, 0x00000000eba00000, 0x0000000100000000)
  eden space 6656K, 100% used [0x00000000eab00000,0x00000000eb180000,0x00000000eb180000)
  from space 1536K, 76% used [0x00000000eb880000,0x00000000eb9a5200,0x00000000eba00000)
  to   space 3072K, 0% used [0x00000000eb400000,0x00000000eb400000,0x00000000eb700000)
 ParOldGen       total 469504K, used 469307K [0x00000000c0000000, 0x00000000dca80000, 0x00000000eab00000)
  object space 469504K, 99% used [0x00000000c0000000,0x00000000dca4efe8,0x00000000dca80000)
 Metaspace       used 85673K, committed 87360K, reserved 1179648K
  class space    used 8905K, committed 9664K, reserved 1048576K
}
Event: 528.883 GC heap after
{Heap after GC invocations=1543 (full 4):
 PSYoungGen      total 9728K, used 276K [0x00000000eab00000, 0x00000000eb900000, 0x0000000100000000)
  eden space 6656K, 0% used [0x00000000eab00000,0x00000000eab00000,0x00000000eb180000)
  from space 3072K, 9% used [0x00000000eb400000,0x00000000eb445200,0x00000000eb700000)
  to   space 1024K, 0% used [0x00000000eb800000,0x00000000eb800000,0x00000000eb900000)
 ParOldGen       total 470016K, used 469985K [0x00000000c0000000, 0x00000000dcb00000, 0x00000000eab00000)
  object space 470016K, 99% used [0x00000000c0000000,0x00000000dcaf84e8,0x00000000dcb00000)
 Metaspace       used 85673K, committed 87360K, reserved 1179648K
  class space    used 8905K, committed 9664K, reserved 1048576K
}
Event: 528.901 GC heap before
{Heap before GC invocations=1544 (full 4):
 PSYoungGen      total 9728K, used 6932K [0x00000000eab00000, 0x00000000eb900000, 0x0000000100000000)
  eden space 6656K, 100% used [0x00000000eab00000,0x00000000eb180000,0x00000000eb180000)
  from space 3072K, 9% used [0x00000000eb400000,0x00000000eb445200,0x00000000eb700000)
  to   space 1024K, 0% used [0x00000000eb800000,0x00000000eb800000,0x00000000eb900000)
 ParOldGen       total 470016K, used 469985K [0x00000000c0000000, 0x00000000dcb00000, 0x00000000eab00000)
  object space 470016K, 99% used [0x00000000c0000000,0x00000000dcaf84e8,0x00000000dcb00000)
 Metaspace       used 85674K, committed 87360K, reserved 1179648K
  class space    used 8905K, committed 9664K, reserved 1048576K
}
Event: 528.902 GC heap after
{Heap after GC invocations=1544 (full 4):
 PSYoungGen      total 7168K, used 218K [0x00000000eab00000, 0x00000000eb880000, 0x0000000100000000)
  eden space 6656K, 0% used [0x00000000eab00000,0x00000000eab00000,0x00000000eb180000)
  from space 512K, 42% used [0x00000000eb800000,0x00000000eb836900,0x00000000eb880000)
  to   space 512K, 0% used [0x00000000eb780000,0x00000000eb780000,0x00000000eb800000)
 ParOldGen       total 470528K, used 470025K [0x00000000c0000000, 0x00000000dcb80000, 0x00000000eab00000)
  object space 470528K, 99% used [0x00000000c0000000,0x00000000dcb024e8,0x00000000dcb80000)
 Metaspace       used 85674K, committed 87360K, reserved 1179648K
  class space    used 8905K, committed 9664K, reserved 1048576K
}
Event: 528.926 GC heap before
{Heap before GC invocations=1545 (full 4):
 PSYoungGen      total 7168K, used 6874K [0x00000000eab00000, 0x00000000eb880000, 0x0000000100000000)
  eden space 6656K, 100% used [0x00000000eab00000,0x00000000eb180000,0x00000000eb180000)
  from space 512K, 42% used [0x00000000eb800000,0x00000000eb836900,0x00000000eb880000)
  to   space 512K, 0% used [0x00000000eb780000,0x00000000eb780000,0x00000000eb800000)
 ParOldGen       total 470528K, used 470025K [0x00000000c0000000, 0x00000000dcb80000, 0x00000000eab00000)
  object space 470528K, 99% used [0x00000000c0000000,0x00000000dcb024e8,0x00000000dcb80000)
 Metaspace       used 85703K, committed 87360K, reserved 1179648K
  class space    used 8908K, committed 9664K, reserved 1048576K
}
Event: 528.927 GC heap after
{Heap after GC invocations=1545 (full 4):
 PSYoungGen      total 7168K, used 192K [0x00000000eab00000, 0x00000000eb880000, 0x0000000100000000)
  eden space 6656K, 0% used [0x00000000eab00000,0x00000000eab00000,0x00000000eb180000)
  from space 512K, 37% used [0x00000000eb780000,0x00000000eb7b0000,0x00000000eb800000)
  to   space 512K, 0% used [0x00000000eb800000,0x00000000eb800000,0x00000000eb880000)
 ParOldGen       total 470528K, used 470090K [0x00000000c0000000, 0x00000000dcb80000, 0x00000000eab00000)
  object space 470528K, 99% used [0x00000000c0000000,0x00000000dcb12850,0x00000000dcb80000)
 Metaspace       used 85703K, committed 87360K, reserved 1179648K
  class space    used 8908K, committed 9664K, reserved 1048576K
}
Event: 529.000 GC heap before
{Heap before GC invocations=1546 (full 4):
 PSYoungGen      total 7168K, used 6848K [0x00000000eab00000, 0x00000000eb880000, 0x0000000100000000)
  eden space 6656K, 100% used [0x00000000eab00000,0x00000000eb180000,0x00000000eb180000)
  from space 512K, 37% used [0x00000000eb780000,0x00000000eb7b0000,0x00000000eb800000)
  to   space 512K, 0% used [0x00000000eb800000,0x00000000eb800000,0x00000000eb880000)
 ParOldGen       total 470528K, used 470090K [0x00000000c0000000, 0x00000000dcb80000, 0x00000000eab00000)
  object space 470528K, 99% used [0x00000000c0000000,0x00000000dcb12850,0x00000000dcb80000)
 Metaspace       used 86677K, committed 88384K, reserved 1179648K
  class space    used 9040K, committed 9792K, reserved 1048576K
}
Event: 529.001 GC heap after
{Heap after GC invocations=1546 (full 4):
 PSYoungGen      total 7168K, used 511K [0x00000000eab00000, 0x00000000eb880000, 0x0000000100000000)
  eden space 6656K, 0% used [0x00000000eab00000,0x00000000eab00000,0x00000000eb180000)
  from space 512K, 99% used [0x00000000eb800000,0x00000000eb87fc48,0x00000000eb880000)
  to   space 1024K, 0% used [0x00000000eb680000,0x00000000eb680000,0x00000000eb780000)
 ParOldGen       total 470528K, used 470154K [0x00000000c0000000, 0x00000000dcb80000, 0x00000000eab00000)
  object space 470528K, 99% used [0x00000000c0000000,0x00000000dcb22850,0x00000000dcb80000)
 Metaspace       used 86677K, committed 88384K, reserved 1179648K
  class space    used 9040K, committed 9792K, reserved 1048576K
}

